Plik dziennika [ 21/10/2016 ]
---------------------------------------

+ [11:33:52][::1][plik /Users/kamilciesielski/Documents/Nauka Programowania/PHP/NaukaPHP/cms1/CLASS/Managers/DatabaseManager.class.php][linia #23]: Nastapił błąd połączenia numer [ 1045 ] z bazą danych:  o treści: [ Access denied for user 'eduweb'@'localhost' (using password: YES) ]
+ [12:01:54][::1][plik /Users/kamilciesielski/Documents/Nauka Programowania/PHP/NaukaPHP/cms1/CLASS/Managers/DatabaseManager.class.php][linia #23]: Nastapił błąd połączenia numer [ 2002 ] z bazą danych:  o treści: [ Connection refused ]
+ [12:01:57][::1][plik /Users/kamilciesielski/Documents/Nauka Programowania/PHP/NaukaPHP/cms1/CLASS/Managers/DatabaseManager.class.php][linia #23]: Nastapił błąd połączenia numer [ 2002 ] z bazą danych:  o treści: [ Connection refused ]
+ [12:02:05][::1][plik /Users/kamilciesielski/Documents/Nauka Programowania/PHP/NaukaPHP/cms1/CLASS/Managers/DatabaseManager.class.php][linia #23]: Nastapił błąd połączenia numer [ 2002 ] z bazą danych:  o treści: [ Connection refused ]
+ [12:02:30][::1][plik /Users/kamilciesielski/Documents/Nauka Programowania/PHP/NaukaPHP/cms1/CLASS/Managers/DatabaseManager.class.php][linia #23]: Nastapił błąd połączenia numer [ 2002 ] z bazą danych:  o treści: [ Connection refused ]
+ [12:02:31][::1][plik /Users/kamilciesielski/Documents/Nauka Programowania/PHP/NaukaPHP/cms1/CLASS/Managers/DatabaseManager.class.php][linia #23]: Nastapił błąd połączenia numer [ 2002 ] z bazą danych:  o treści: [ Connection refused ]
+ [12:02:32][::1][plik /Users/kamilciesielski/Documents/Nauka Programowania/PHP/NaukaPHP/cms1/CLASS/Managers/DatabaseManager.class.php][linia #23]: Nastapił błąd połączenia numer [ 2002 ] z bazą danych:  o treści: [ Connection refused ]
+ [12:03:08][::1][plik /Users/kamilciesielski/Documents/Nauka Programowania/PHP/NaukaPHP/cms1/CLASS/Managers/DatabaseManager.class.php][linia #23]: Nastapił błąd połączenia numer [ 2002 ] z bazą danych:  o treści: [ Connection refused ]
+ [12:03:10][::1][plik /Users/kamilciesielski/Documents/Nauka Programowania/PHP/NaukaPHP/cms1/CLASS/Managers/DatabaseManager.class.php][linia #23]: Nastapił błąd połączenia numer [ 2002 ] z bazą danych:  o treści: [ Connection refused ]
+ [12:03:10][::1][plik /Users/kamilciesielski/Documents/Nauka Programowania/PHP/NaukaPHP/cms1/CLASS/Managers/DatabaseManager.class.php][linia #23]: Nastapił błąd połączenia numer [ 2002 ] z bazą danych:  o treści: [ Connection refused ]
+ [12:05:02][::1][plik /Users/kamilciesielski/Documents/Nauka Programowania/PHP/NaukaPHP/cms1/CLASS/Managers/DatabaseManager.class.php][linia #23]: Nastapił błąd połączenia numer [ 2002 ] z bazą danych:  o treści: [ Connection refused ]
+ [12:05:02][::1][plik /Users/kamilciesielski/Documents/Nauka Programowania/PHP/NaukaPHP/cms1/CLASS/Managers/DatabaseManager.class.php][linia #23]: Nastapił błąd połączenia numer [ 2002 ] z bazą danych:  o treści: [ Connection refused ]
+ [12:05:04][::1][plik /Users/kamilciesielski/Documents/Nauka Programowania/PHP/NaukaPHP/cms1/CLASS/Managers/DatabaseManager.class.php][linia #23]: Nastapił błąd połączenia numer [ 2002 ] z bazą danych:  o treści: [ Connection refused ]
+ [12:05:06][::1][plik /Users/kamilciesielski/Documents/Nauka Programowania/PHP/NaukaPHP/cms1/CLASS/Managers/DatabaseManager.class.php][linia #23]: Nastapił błąd połączenia numer [ 2002 ] z bazą danych:  o treści: [ Connection refused ]
+ [12:05:17][::1][plik /Users/kamilciesielski/Documents/Nauka Programowania/PHP/NaukaPHP/cms1/CLASS/Managers/DatabaseManager.class.php][linia #23]: Nastapił błąd połączenia numer [ 1045 ] z bazą danych:  o treści: [ Access denied for user 'test'@'localhost' (using password: YES) ]
+ [12:05:18][::1][plik /Users/kamilciesielski/Documents/Nauka Programowania/PHP/NaukaPHP/cms1/CLASS/Managers/DatabaseManager.class.php][linia #23]: Nastapił błąd połączenia numer [ 1045 ] z bazą danych:  o treści: [ Access denied for user 'test'@'localhost' (using password: YES) ]
+ [12:05:20][::1][plik /Users/kamilciesielski/Documents/Nauka Programowania/PHP/NaukaPHP/cms1/CLASS/Managers/DatabaseManager.class.php][linia #23]: Nastapił błąd połączenia numer [ 1045 ] z bazą danych:  o treści: [ Access denied for user 'test'@'localhost' (using password: YES) ]
+ [12:07:01][::1][plik /Users/kamilciesielski/Documents/Nauka Programowania/PHP/NaukaPHP/cms1/CLASS/Managers/DatabaseManager.class.php][linia #61]: Zapytanie bazodanowe zwróciło pusty wynik!
+ [12:07:13][::1][plik /Users/kamilciesielski/Documents/Nauka Programowania/PHP/NaukaPHP/cms1/CLASS/Managers/DatabaseManager.class.php][linia #61]: Zapytanie bazodanowe zwróciło pusty wynik!
+ [12:08:30][::1][plik /Users/kamilciesielski/Documents/Nauka Programowania/PHP/NaukaPHP/cms1/CLASS/Managers/DatabaseManager.class.php][linia #61]: Zapytanie bazodanowe zwróciło pusty wynik!
